{"numFailedTestSuites":1,"numFailedTests":1,"numPassedTestSuites":8,"numPassedTests":106,"numPendingTestSuites":0,"numPendingTests":0,"numRuntimeErrorTestSuites":0,"numTodoTests":0,"numTotalTestSuites":9,"numTotalTests":107,"openHandles":[],"snapshot":{"added":0,"didUpdate":false,"failure":false,"filesAdded":0,"filesRemoved":0,"filesRemovedList":[],"filesUnmatched":0,"filesUpdated":0,"matched":0,"total":0,"unchecked":0,"uncheckedKeysByFile":[],"unmatched":0,"updated":0},"startTime":1779982000379,"success":false,"testResults":[{"assertionResults":[{"ancestorTitles":["HRM Services","employeeService"],"duration":89,"failing":false,"failureDetails":[],"failureMessages":[],"fullName":"HRM Services employeeService getAll","invocations":1,"location":null,"numPassingAsserts":1,"retryReasons":[],"startAt":1779982001321,"status":"passed","title":"getAll"},{"ancestorTitles":["HRM Services","employeeService"],"duration":9,"failing":false,"failureDetails":[],"failureMessages":[],"fullName":"HRM Services employeeService create","invocations":1,"location":null,"numPassingAsserts":1,"retryReasons":[],"startAt":1779982001411,"status":"passed","title":"create"},{"ancestorTitles":["HRM Services","employeeService"],"duration":18,"failing":false,"failureDetails":[],"failureMessages":[],"fullName":"HRM Services employeeService resign","invocations":1,"location":null,"numPassingAsserts":1,"retryReasons":[],"startAt":1779982001420,"status":"passed","title":"resign"},{"ancestorTitles":["HRM Services","contractService"],"duration":3,"failing":false,"failureDetails":[],"failureMessages":[],"fullName":"HRM Services contractService create","invocations":1,"location":null,"numPassingAsserts":1,"retryReasons":[],"startAt":1779982001438,"status":"passed","title":"create"},{"ancestorTitles":["HRM Services","contractService"],"duration":7,"failing":false,"failureDetails":[],"failureMessages":[],"fullName":"HRM Services contractService activate","invocations":1,"location":null,"numPassingAsserts":2,"retryReasons":[],"startAt":1779982001441,"status":"passed","title":"activate"},{"ancestorTitles":["HRM Services","Other HRM Services"],"duration":2,"failing":false,"failureDetails":[],"failureMessages":[],"fullName":"HRM Services Other HRM Services departmentService.getAll","invocations":1,"location":null,"numPassingAsserts":1,"retryReasons":[],"startAt":1779982001448,"status":"passed","title":"departmentService.getAll"},{"ancestorTitles":["HRM Services","Other HRM Services"],"duration":8,"failing":false,"failureDetails":[],"failureMessages":[],"fullName":"HRM Services Other HRM Services shiftService.getAll","invocations":1,"location":null,"numPassingAsserts":1,"retryReasons":[],"startAt":1779982001450,"status":"passed","title":"shiftService.getAll"},{"ancestorTitles":["HRM Services","Other HRM Services"],"duration":1,"failing":false,"failureDetails":[{}],"failureMessages":["TypeError: _holidayService.holidayService.getYear is not a function\n    at Object.getYear (/Users/tphuc263/Project/hrm_proj/frontend/src/__tests__/hrm/services.test.ts:117:28)\n    at Promise.finally.completed (/Users/tphuc263/Project/hrm_proj/frontend/node_modules/jest-circus/build/jestAdapterInit.js:1561:28)\n    at new Promise (<anonymous>)\n    at callAsyncCircusFn (/Users/tphuc263/Project/hrm_proj/frontend/node_modules/jest-circus/build/jestAdapterInit.js:1501:10)\n    at _callCircusTest (/Users/tphuc263/Project/hrm_proj/frontend/node_modules/jest-circus/build/jestAdapterInit.js:1011:40)\n    at processTicksAndRejections (node:internal/process/task_queues:103:5)\n    at _runTest (/Users/tphuc263/Project/hrm_proj/frontend/node_modules/jest-circus/build/jestAdapterInit.js:951:3)\n    at /Users/tphuc263/Project/hrm_proj/frontend/node_modules/jest-circus/build/jestAdapterInit.js:853:7\n    at _runTestsForDescribeBlock (/Users/tphuc263/Project/hrm_proj/frontend/node_modules/jest-circus/build/jestAdapterInit.js:866:11)\n    at _runTestsForDescribeBlock (/Users/tphuc263/Project/hrm_proj/frontend/node_modules/jest-circus/build/jestAdapterInit.js:861:11)\n    at _runTestsForDescribeBlock (/Users/tphuc263/Project/hrm_proj/frontend/node_modules/jest-circus/build/jestAdapterInit.js:861:11)\n    at run (/Users/tphuc263/Project/hrm_proj/frontend/node_modules/jest-circus/build/jestAdapterInit.js:765:3)\n    at runAndTransformResultsToJestFormat (/Users/tphuc263/Project/hrm_proj/frontend/node_modules/jest-circus/build/jestAdapterInit.js:1993:21)\n    at jestAdapter (/Users/tphuc263/Project/hrm_proj/frontend/node_modules/jest-circus/build/runner.js:111:19)\n    at runTestInternal (/Users/tphuc263/Project/hrm_proj/frontend/node_modules/jest-runner/build/testWorker.js:276:16)\n    at runTest (/Users/tphuc263/Project/hrm_proj/frontend/node_modules/jest-runner/build/testWorker.js:344:7)\n    at Object.worker (/Users/tphuc263/Project/hrm_proj/frontend/node_modules/jest-runner/build/testWorker.js:498:12)"],"fullName":"HRM Services Other HRM Services holidayService.getYear","invocations":1,"location":null,"numPassingAsserts":0,"retryReasons":[],"startAt":1779982001459,"status":"failed","title":"holidayService.getYear"}],"endTime":1779982001487,"message":"  ● HRM Services › Other HRM Services › holidayService.getYear\n\n    TypeError: _holidayService.holidayService.getYear is not a function\n\n      115 |         })\n      116 |       )\n    > 117 |       await holidayService.getYear(2023)\n          |                            ^\n      118 |       expect(capturedUrl).toContain('year=2023')\n      119 |     })\n      120 |   })\n\n      at Object.getYear (src/__tests__/hrm/services.test.ts:117:28)\n","name":"/Users/tphuc263/Project/hrm_proj/frontend/src/__tests__/hrm/services.test.ts","startTime":1779982000657,"status":"failed","summary":""},{"assertionResults":[{"ancestorTitles":["apiClient"],"duration":53,"failing":false,"failureDetails":[],"failureMessages":[],"fullName":"apiClient 1. Request interceptor gắn Bearer token khi có token trong sessionStorage","invocations":1,"location":null,"numPassingAsserts":1,"retryReasons":[],"startAt":1779982001327,"status":"passed","title":"1. Request interceptor gắn Bearer token khi có token trong sessionStorage"},{"ancestorTitles":["apiClient"],"duration":8,"failing":false,"failureDetails":[],"failureMessages":[],"fullName":"apiClient 2. Request interceptor không gắn header khi không có token","invocations":1,"location":null,"numPassingAsserts":1,"retryReasons":[],"startAt":1779982001381,"status":"passed","title":"2. Request interceptor không gắn header khi không có token"},{"ancestorTitles":["apiClient"],"duration":22,"failing":false,"failureDetails":[],"failureMessages":[],"fullName":"apiClient 3. Response interceptor unwrap ApiResponse.data khi success=true","invocations":1,"location":null,"numPassingAsserts":1,"retryReasons":[],"startAt":1779982001389,"status":"passed","title":"3. Response interceptor unwrap ApiResponse.data khi success=true"},{"ancestorTitles":["apiClient"],"duration":58,"failing":false,"failureDetails":[],"failureMessages":[],"fullName":"apiClient 4. Response interceptor reject Error khi success=false","invocations":1,"location":null,"numPassingAsserts":1,"retryReasons":[],"startAt":1779982001411,"status":"passed","title":"4. Response interceptor reject Error khi success=false"},{"ancestorTitles":["apiClient"],"duration":4,"failing":false,"failureDetails":[],"failureMessages":[],"fullName":"apiClient 5. 401 -> xóa token + redirect /login","invocations":1,"location":null,"numPassingAsserts":3,"retryReasons":[],"startAt":1779982001469,"status":"passed","title":"5. 401 -> xóa token + redirect /login"},{"ancestorTitles":["apiClient"],"duration":3,"failing":false,"failureDetails":[],"failureMessages":[],"fullName":"apiClient 6. 401 nhưng đang ở /login -> không redirect loop","invocations":1,"location":null,"numPassingAsserts":3,"retryReasons":[],"startAt":1779982001473,"status":"passed","title":"6. 401 nhưng đang ở /login -> không redirect loop"},{"ancestorTitles":["apiClient"],"duration":5,"failing":false,"failureDetails":[],"failureMessages":[],"fullName":"apiClient 7. Error parsing: trích message từ AxiosError response","invocations":1,"location":null,"numPassingAsserts":1,"retryReasons":[],"startAt":1779982001476,"status":"passed","title":"7. Error parsing: trích message từ AxiosError response"},{"ancestorTitles":["apiClient"],"duration":23,"failing":false,"failureDetails":[],"failureMessages":[],"fullName":"apiClient 8. Error parsing: fallback \"Yêu cầu thất bại\" khi không có message","invocations":1,"location":null,"numPassingAsserts":1,"retryReasons":[],"startAt":1779982001482,"status":"passed","title":"8. Error parsing: fallback \"Yêu cầu thất bại\" khi không có message"}],"endTime":1779982001506,"message":"","name":"/Users/tphuc263/Project/hrm_proj/frontend/src/__tests__/core/apiClient.test.ts","startTime":1779982000633,"status":"passed","summary":""},{"assertionResults":[{"ancestorTitles":["Attendance Services","attendanceService"],"duration":95,"failing":false,"failureDetails":[],"failureMessages":[],"fullName":"Attendance Services attendanceService checkIn","invocations":1,"location":null,"numPassingAsserts":1,"retryReasons":[],"startAt":1779982001343,"status":"passed","title":"checkIn"},{"ancestorTitles":["Attendance Services","attendanceService"],"duration":4,"failing":false,"failureDetails":[],"failureMessages":[],"fullName":"Attendance Services attendanceService checkOut","invocations":1,"location":null,"numPassingAsserts":1,"retryReasons":[],"startAt":1779982001439,"status":"passed","title":"checkOut"},{"ancestorTitles":["Attendance Services","attendanceService"],"duration":4,"failing":false,"failureDetails":[],"failureMessages":[],"fullName":"Attendance Services attendanceService getToday","invocations":1,"location":null,"numPassingAsserts":1,"retryReasons":[],"startAt":1779982001443,"status":"passed","title":"getToday"},{"ancestorTitles":["Attendance Services","attendanceService"],"duration":5,"failing":false,"failureDetails":[],"failureMessages":[],"fullName":"Attendance Services attendanceService getMyRecords","invocations":1,"location":null,"numPassingAsserts":2,"retryReasons":[],"startAt":1779982001447,"status":"passed","title":"getMyRecords"},{"ancestorTitles":["Attendance Services","attendanceService"],"duration":2,"failing":false,"failureDetails":[],"failureMessages":[],"fullName":"Attendance Services attendanceService getDaily","invocations":1,"location":null,"numPassingAsserts":1,"retryReasons":[],"startAt":1779982001452,"status":"passed","title":"getDaily"},{"ancestorTitles":["Attendance Services","attendanceService"],"duration":2,"failing":false,"failureDetails":[],"failureMessages":[],"fullName":"Attendance Services attendanceService getRange","invocations":1,"location":null,"numPassingAsserts":2,"retryReasons":[],"startAt":1779982001454,"status":"passed","title":"getRange"},{"ancestorTitles":["Attendance Services","attendanceService"],"duration":3,"failing":false,"failureDetails":[],"failureMessages":[],"fullName":"Attendance Services attendanceService getEmployeeRecords","invocations":1,"location":null,"numPassingAsserts":1,"retryReasons":[],"startAt":1779982001456,"status":"passed","title":"getEmployeeRecords"},{"ancestorTitles":["Attendance Services","attendanceService"],"duration":1,"failing":false,"failureDetails":[],"failureMessages":[],"fullName":"Attendance Services attendanceService getMonthlyStats","invocations":1,"location":null,"numPassingAsserts":2,"retryReasons":[],"startAt":1779982001460,"status":"passed","title":"getMonthlyStats"},{"ancestorTitles":["Attendance Services","attendanceService"],"duration":2,"failing":false,"failureDetails":[],"failureMessages":[],"fullName":"Attendance Services attendanceService adminUpdate","invocations":1,"location":null,"numPassingAsserts":1,"retryReasons":[],"startAt":1779982001461,"status":"passed","title":"adminUpdate"},{"ancestorTitles":["Attendance Services","attendanceService"],"duration":4,"failing":false,"failureDetails":[],"failureMessages":[],"fullName":"Attendance Services attendanceService markAbsent","invocations":1,"location":null,"numPassingAsserts":3,"retryReasons":[],"startAt":1779982001463,"status":"passed","title":"markAbsent"},{"ancestorTitles":["Attendance Services","overtimeService"],"duration":3,"failing":false,"failureDetails":[],"failureMessages":[],"fullName":"Attendance Services overtimeService createRequest","invocations":1,"location":null,"numPassingAsserts":1,"retryReasons":[],"startAt":1779982001467,"status":"passed","title":"createRequest"},{"ancestorTitles":["Attendance Services","overtimeService"],"duration":7,"failing":false,"failureDetails":[],"failureMessages":[],"fullName":"Attendance Services overtimeService getMyRequests","invocations":1,"location":null,"numPassingAsserts":1,"retryReasons":[],"startAt":1779982001470,"status":"passed","title":"getMyRequests"},{"ancestorTitles":["Attendance Services","overtimeService"],"duration":4,"failing":false,"failureDetails":[],"failureMessages":[],"fullName":"Attendance Services overtimeService getAllRequests","invocations":1,"location":null,"numPassingAsserts":1,"retryReasons":[],"startAt":1779982001479,"status":"passed","title":"getAllRequests"},{"ancestorTitles":["Attendance Services","overtimeService"],"duration":14,"failing":false,"failureDetails":[],"failureMessages":[],"fullName":"Attendance Services overtimeService approveRequest","invocations":1,"location":null,"numPassingAsserts":1,"retryReasons":[],"startAt":1779982001484,"status":"passed","title":"approveRequest"},{"ancestorTitles":["Attendance Services","overtimeService"],"duration":8,"failing":false,"failureDetails":[],"failureMessages":[],"fullName":"Attendance Services overtimeService rejectRequest","invocations":1,"location":null,"numPassingAsserts":1,"retryReasons":[],"startAt":1779982001498,"status":"passed","title":"rejectRequest"},{"ancestorTitles":["Attendance Services","overtimeService"],"duration":3,"failing":false,"failureDetails":[],"failureMessages":[],"fullName":"Attendance Services overtimeService cancelRequest","invocations":1,"location":null,"numPassingAsserts":1,"retryReasons":[],"startAt":1779982001506,"status":"passed","title":"cancelRequest"}],"endTime":1779982001514,"message":"","name":"/Users/tphuc263/Project/hrm_proj/frontend/src/__tests__/attendance/services.test.ts","startTime":1779982000667,"status":"passed","summary":""},{"assertionResults":[{"ancestorTitles":["leaveService"],"duration":47,"failing":false,"failureDetails":[],"failureMessages":[],"fullName":"leaveService 1. getLeaveTypes() -> GET /leave-types","invocations":1,"location":null,"numPassingAsserts":1,"retryReasons":[],"startAt":1779982001423,"status":"passed","title":"1. getLeaveTypes() -> GET /leave-types"},{"ancestorTitles":["leaveService"],"duration":11,"failing":false,"failureDetails":[],"failureMessages":[],"fullName":"leaveService 2. createLeaveType() -> POST /leave-types","invocations":1,"location":null,"numPassingAsserts":1,"retryReasons":[],"startAt":1779982001476,"status":"passed","title":"2. createLeaveType() -> POST /leave-types"},{"ancestorTitles":["leaveService"],"duration":11,"failing":false,"failureDetails":[],"failureMessages":[],"fullName":"leaveService 3. updateLeaveType() -> PUT /leave-types/:id","invocations":1,"location":null,"numPassingAsserts":1,"retryReasons":[],"startAt":1779982001487,"status":"passed","title":"3. updateLeaveType() -> PUT /leave-types/:id"},{"ancestorTitles":["leaveService"],"duration":9,"failing":false,"failureDetails":[],"failureMessages":[],"fullName":"leaveService 4. submitRequest() -> POST /leave-requests","invocations":1,"location":null,"numPassingAsserts":1,"retryReasons":[],"startAt":1779982001498,"status":"passed","title":"4. submitRequest() -> POST /leave-requests"},{"ancestorTitles":["leaveService"],"duration":15,"failing":false,"failureDetails":[],"failureMessages":[],"fullName":"leaveService 5. cancelRequest() -> PUT /leave-requests/:id/cancel","invocations":1,"location":null,"numPassingAsserts":2,"retryReasons":[],"startAt":1779982001507,"status":"passed","title":"5. cancelRequest() -> PUT /leave-requests/:id/cancel"},{"ancestorTitles":["leaveService"],"duration":9,"failing":false,"failureDetails":[],"failureMessages":[],"fullName":"leaveService 6. approveRequest() -> PUT /leave-requests/:id/approve","invocations":1,"location":null,"numPassingAsserts":2,"retryReasons":[],"startAt":1779982001522,"status":"passed","title":"6. approveRequest() -> PUT /leave-requests/:id/approve"},{"ancestorTitles":["leaveService"],"duration":7,"failing":false,"failureDetails":[],"failureMessages":[],"fullName":"leaveService 7. rejectRequest() -> PUT /leave-requests/:id/reject + reason param","invocations":1,"location":null,"numPassingAsserts":1,"retryReasons":[],"startAt":1779982001532,"status":"passed","title":"7. rejectRequest() -> PUT /leave-requests/:id/reject + reason param"},{"ancestorTitles":["leaveService"],"duration":4,"failing":false,"failureDetails":[],"failureMessages":[],"fullName":"leaveService 8. getMyRequests() truyền đúng query params","invocations":1,"location":null,"numPassingAsserts":3,"retryReasons":[],"startAt":1779982001539,"status":"passed","title":"8. getMyRequests() truyền đúng query params"},{"ancestorTitles":["leaveService"],"duration":4,"failing":false,"failureDetails":[],"failureMessages":[],"fullName":"leaveService 9. getMyBalances() truyền year","invocations":1,"location":null,"numPassingAsserts":1,"retryReasons":[],"startAt":1779982001543,"status":"passed","title":"9. getMyBalances() truyền year"},{"ancestorTitles":["leaveService"],"duration":5,"failing":false,"failureDetails":[],"failureMessages":[],"fullName":"leaveService 10. initBalance() -> POST /leave-balances/init với employeeId + year","invocations":1,"location":null,"numPassingAsserts":2,"retryReasons":[],"startAt":1779982001547,"status":"passed","title":"10. initBalance() -> POST /leave-balances/init với employeeId + year"},{"ancestorTitles":["leaveService"],"duration":3,"failing":false,"failureDetails":[],"failureMessages":[],"fullName":"leaveService 11. updateBalance() -> PUT /leave-balances/:id với totalDays, carryOverDays","invocations":1,"location":null,"numPassingAsserts":2,"retryReasons":[],"startAt":1779982001552,"status":"passed","title":"11. updateBalance() -> PUT /leave-balances/:id với totalDays, carryOverDays"}],"endTime":1779982001556,"message":"","name":"/Users/tphuc263/Project/hrm_proj/frontend/src/__tests__/leave/services.test.ts","startTime":1779982000669,"status":"passed","summary":""},{"assertionResults":[{"ancestorTitles":["Payroll Pages","PayrollListPage"],"duration":118,"failing":false,"failureDetails":[],"failureMessages":[],"fullName":"Payroll Pages PayrollListPage 1. Hiển thị danh sách payroll","invocations":1,"location":null,"numPassingAsserts":1,"retryReasons":[],"startAt":1779982001724,"status":"passed","title":"1. Hiển thị danh sách payroll"},{"ancestorTitles":["Payroll Pages","PayrollListPage"],"duration":26,"failing":false,"failureDetails":[],"failureMessages":[],"fullName":"Payroll Pages PayrollListPage 2. Filter theo phòng ban","invocations":1,"location":null,"numPassingAsserts":2,"retryReasons":[],"startAt":1779982001843,"status":"passed","title":"2. Filter theo phòng ban"},{"ancestorTitles":["Payroll Pages","PayrollListPage"],"duration":139,"failing":false,"failureDetails":[],"failureMessages":[],"fullName":"Payroll Pages PayrollListPage 3. Mở modal Tạo bảng lương -> generatePayroll","invocations":1,"location":null,"numPassingAsserts":2,"retryReasons":[],"startAt":1779982001869,"status":"passed","title":"3. Mở modal Tạo bảng lương -> generatePayroll"},{"ancestorTitles":["Payroll Pages","PayrollListPage"],"duration":158,"failing":false,"failureDetails":[],"failureMessages":[],"fullName":"Payroll Pages PayrollListPage 4. Sửa phiếu DRAFT -> updatePayroll","invocations":1,"location":null,"numPassingAsserts":2,"retryReasons":[],"startAt":1779982002008,"status":"passed","title":"4. Sửa phiếu DRAFT -> updatePayroll"},{"ancestorTitles":["Payroll Pages","PayrollListPage"],"duration":112,"failing":false,"failureDetails":[],"failureMessages":[],"fullName":"Payroll Pages PayrollListPage 5. Chốt lương -> submitPayroll","invocations":1,"location":null,"numPassingAsserts":2,"retryReasons":[],"startAt":1779982002167,"status":"passed","title":"5. Chốt lương -> submitPayroll"},{"ancestorTitles":["Payroll Pages","PayrollListPage"],"duration":149,"failing":false,"failureDetails":[],"failureMessages":[],"fullName":"Payroll Pages PayrollListPage 6. Duyệt lương (APPROVED) -> approvePayroll","invocations":1,"location":null,"numPassingAsserts":2,"retryReasons":[],"startAt":1779982002280,"status":"passed","title":"6. Duyệt lương (APPROVED) -> approvePayroll"},{"ancestorTitles":["Payroll Pages","MyPayrollPage"],"duration":11,"failing":false,"failureDetails":[],"failureMessages":[],"fullName":"Payroll Pages MyPayrollPage 1. Render thông tin phiếu lương","invocations":1,"location":null,"numPassingAsserts":1,"retryReasons":[],"startAt":1779982002429,"status":"passed","title":"1. Render thông tin phiếu lương"},{"ancestorTitles":["Payroll Pages","MyPayrollPage"],"duration":26,"failing":false,"failureDetails":[],"failureMessages":[],"fullName":"Payroll Pages MyPayrollPage 2. Download PDF gọi html2pdf","invocations":1,"location":null,"numPassingAsserts":1,"retryReasons":[],"startAt":1779982002440,"status":"passed","title":"2. Download PDF gọi html2pdf"}],"endTime":1779982002467,"message":"","name":"/Users/tphuc263/Project/hrm_proj/frontend/src/__tests__/payroll/pages.test.tsx","startTime":1779982000976,"status":"passed","summary":""},{"assertionResults":[{"ancestorTitles":["Attendance Pages","DailyAttendancePage"],"duration":163,"failing":false,"failureDetails":[],"failureMessages":[],"fullName":"Attendance Pages DailyAttendancePage 1. NV Check-in -> gọi checkIn()","invocations":1,"location":null,"numPassingAsserts":1,"retryReasons":[],"startAt":1779982001738,"status":"passed","title":"1. NV Check-in -> gọi checkIn()"},{"ancestorTitles":["Attendance Pages","DailyAttendancePage"],"duration":27,"failing":false,"failureDetails":[],"failureMessages":[],"fullName":"Attendance Pages DailyAttendancePage 2. Đã check-in -> Hiện nút Check-out","invocations":1,"location":null,"numPassingAsserts":1,"retryReasons":[],"startAt":1779982001901,"status":"passed","title":"2. Đã check-in -> Hiện nút Check-out"},{"ancestorTitles":["Attendance Pages","DailyAttendancePage"],"duration":80,"failing":false,"failureDetails":[],"failureMessages":[],"fullName":"Attendance Pages DailyAttendancePage 3. NV Check-out -> gọi checkOut()","invocations":1,"location":null,"numPassingAsserts":1,"retryReasons":[],"startAt":1779982001928,"status":"passed","title":"3. NV Check-out -> gọi checkOut()"},{"ancestorTitles":["Attendance Pages","DailyAttendancePage"],"duration":106,"failing":false,"failureDetails":[],"failureMessages":[],"fullName":"Attendance Pages DailyAttendancePage 4. Admin: xem danh sách chấm công ngày","invocations":1,"location":null,"numPassingAsserts":2,"retryReasons":[],"startAt":1779982002008,"status":"passed","title":"4. Admin: xem danh sách chấm công ngày"},{"ancestorTitles":["Attendance Pages","DailyAttendancePage"],"duration":41,"failing":false,"failureDetails":[],"failureMessages":[],"fullName":"Attendance Pages DailyAttendancePage 5. Admin: cập nhật giờ chấm công (adminUpdate)","invocations":1,"location":null,"numPassingAsserts":2,"retryReasons":[],"startAt":1779982002114,"status":"passed","title":"5. Admin: cập nhật giờ chấm công (adminUpdate)"},{"ancestorTitles":["Attendance Pages","MonthlyAttendancePage"],"duration":28,"failing":false,"failureDetails":[],"failureMessages":[],"fullName":"Attendance Pages MonthlyAttendancePage 1. Render stats view (User) - hiện stats từ records","invocations":1,"location":null,"numPassingAsserts":2,"retryReasons":[],"startAt":1779982002155,"status":"passed","title":"1. Render stats view (User) - hiện stats từ records"},{"ancestorTitles":["Attendance Pages","MonthlyAttendancePage"],"duration":27,"failing":false,"failureDetails":[],"failureMessages":[],"fullName":"Attendance Pages MonthlyAttendancePage 2. Filter theo tháng - page renders with month input","invocations":1,"location":null,"numPassingAsserts":1,"retryReasons":[],"startAt":1779982002183,"status":"passed","title":"2. Filter theo tháng - page renders with month input"},{"ancestorTitles":["Attendance Pages","MonthlyAttendancePage"],"duration":33,"failing":false,"failureDetails":[],"failureMessages":[],"fullName":"Attendance Pages MonthlyAttendancePage 3. Admin: xem bảng chấm công tháng của NV khác","invocations":1,"location":null,"numPassingAsserts":1,"retryReasons":[],"startAt":1779982002210,"status":"passed","title":"3. Admin: xem bảng chấm công tháng của NV khác"},{"ancestorTitles":["Attendance Pages","OvertimeRegistrationPage"],"duration":41,"failing":false,"failureDetails":[],"failureMessages":[],"fullName":"Attendance Pages OvertimeRegistrationPage 1. Render danh sách OT","invocations":1,"location":null,"numPassingAsserts":1,"retryReasons":[],"startAt":1779982002244,"status":"passed","title":"1. Render danh sách OT"},{"ancestorTitles":["Attendance Pages","OvertimeRegistrationPage"],"duration":110,"failing":false,"failureDetails":[],"failureMessages":[],"fullName":"Attendance Pages OvertimeRegistrationPage 2. Click tạo mới -> mở modal đăng ký","invocations":1,"location":null,"numPassingAsserts":2,"retryReasons":[],"startAt":1779982002285,"status":"passed","title":"2. Click tạo mới -> mở modal đăng ký"},{"ancestorTitles":["Attendance Pages","OvertimeRegistrationPage"],"duration":66,"failing":false,"failureDetails":[],"failureMessages":[],"fullName":"Attendance Pages OvertimeRegistrationPage 3. NV Hủy OT PENDING","invocations":1,"location":null,"numPassingAsserts":2,"retryReasons":[],"startAt":1779982002396,"status":"passed","title":"3. NV Hủy OT PENDING"},{"ancestorTitles":["Attendance Pages","OvertimeRegistrationPage"],"duration":70,"failing":false,"failureDetails":[],"failureMessages":[],"fullName":"Attendance Pages OvertimeRegistrationPage 4. Admin: Duyệt OT","invocations":1,"location":null,"numPassingAsserts":2,"retryReasons":[],"startAt":1779982002462,"status":"passed","title":"4. Admin: Duyệt OT"},{"ancestorTitles":["Attendance Pages","OvertimeRegistrationPage"],"duration":100,"failing":false,"failureDetails":[],"failureMessages":[],"fullName":"Attendance Pages OvertimeRegistrationPage 5. Admin: Từ chối OT","invocations":1,"location":null,"numPassingAsserts":2,"retryReasons":[],"startAt":1779982002532,"status":"passed","title":"5. Admin: Từ chối OT"}],"endTime":1779982002633,"message":"","name":"/Users/tphuc263/Project/hrm_proj/frontend/src/__tests__/attendance/pages.test.tsx","startTime":1779982000976,"status":"passed","summary":""},{"assertionResults":[{"ancestorTitles":["LeaveRequestPage"],"duration":111,"failing":false,"failureDetails":[],"failureMessages":[],"fullName":"LeaveRequestPage 1. Render danh sách đơn nghỉ phép","invocations":1,"location":null,"numPassingAsserts":1,"retryReasons":[],"startAt":1779982001742,"status":"passed","title":"1. Render danh sách đơn nghỉ phép"},{"ancestorTitles":["LeaveRequestPage"],"duration":53,"failing":false,"failureDetails":[],"failureMessages":[],"fullName":"LeaveRequestPage 2. Click \"Tạo đơn mới\" -> mở modal","invocations":1,"location":null,"numPassingAsserts":1,"retryReasons":[],"startAt":1779982001854,"status":"passed","title":"2. Click \"Tạo đơn mới\" -> mở modal"},{"ancestorTitles":["LeaveRequestPage"],"duration":31,"failing":false,"failureDetails":[],"failureMessages":[],"fullName":"LeaveRequestPage 3. Chọn loại phép -> form thay đổi","invocations":1,"location":null,"numPassingAsserts":1,"retryReasons":[],"startAt":1779982001907,"status":"passed","title":"3. Chọn loại phép -> form thay đổi"},{"ancestorTitles":["LeaveRequestPage"],"duration":397,"failing":false,"failureDetails":[],"failureMessages":[],"fullName":"LeaveRequestPage 4. Submit đơn -> gọi submitRequest() API","invocations":1,"location":null,"numPassingAsserts":3,"retryReasons":[],"startAt":1779982001939,"status":"passed","title":"4. Submit đơn -> gọi submitRequest() API"},{"ancestorTitles":["LeaveRequestPage"],"duration":100,"failing":false,"failureDetails":[],"failureMessages":[],"fullName":"LeaveRequestPage 5. Hủy đơn PENDING -> gọi cancelRequest()","invocations":1,"location":null,"numPassingAsserts":2,"retryReasons":[],"startAt":1779982002337,"status":"passed","title":"5. Hủy đơn PENDING -> gọi cancelRequest()"},{"ancestorTitles":["LeaveRequestPage"],"duration":22,"failing":false,"failureDetails":[],"failureMessages":[],"fullName":"LeaveRequestPage 6. Admin: thấy danh sách chờ duyệt, bảng có cột nhân viên","invocations":1,"location":null,"numPassingAsserts":2,"retryReasons":[],"startAt":1779982002437,"status":"passed","title":"6. Admin: thấy danh sách chờ duyệt, bảng có cột nhân viên"},{"ancestorTitles":["LeaveRequestPage"],"duration":52,"failing":false,"failureDetails":[],"failureMessages":[],"fullName":"LeaveRequestPage 7. Admin: Approve -> gọi approveRequest()","invocations":1,"location":null,"numPassingAsserts":2,"retryReasons":[],"startAt":1779982002459,"status":"passed","title":"7. Admin: Approve -> gọi approveRequest()"},{"ancestorTitles":["LeaveRequestPage"],"duration":133,"failing":false,"failureDetails":[],"failureMessages":[],"fullName":"LeaveRequestPage 8. Admin: Reject -> nhập lý do -> rejectRequest()","invocations":1,"location":null,"numPassingAsserts":2,"retryReasons":[],"startAt":1779982002511,"status":"passed","title":"8. Admin: Reject -> nhập lý do -> rejectRequest()"},{"ancestorTitles":["LeaveRequestPage"],"duration":35,"failing":false,"failureDetails":[],"failureMessages":[],"fullName":"LeaveRequestPage 9 & 10. Lọc theo status","invocations":1,"location":null,"numPassingAsserts":2,"retryReasons":[],"startAt":1779982002644,"status":"passed","title":"9 & 10. Lọc theo status"},{"ancestorTitles":["AbsenceManagementPage"],"duration":14,"failing":false,"failureDetails":[],"failureMessages":[],"fullName":"AbsenceManagementPage 1. Render list vắng mặt","invocations":1,"location":null,"numPassingAsserts":1,"retryReasons":[],"startAt":1779982002679,"status":"passed","title":"1. Render list vắng mặt"},{"ancestorTitles":["AbsenceManagementPage"],"duration":12,"failing":false,"failureDetails":[],"failureMessages":[],"fullName":"AbsenceManagementPage 2. Search và Filter theo ngày","invocations":1,"location":null,"numPassingAsserts":2,"retryReasons":[],"startAt":1779982002693,"status":"passed","title":"2. Search và Filter theo ngày"},{"ancestorTitles":["AbsenceManagementPage"],"duration":13,"failing":false,"failureDetails":[],"failureMessages":[],"fullName":"AbsenceManagementPage 3. Admin: thấy nút Đánh vắng mặt","invocations":1,"location":null,"numPassingAsserts":2,"retryReasons":[],"startAt":1779982002705,"status":"passed","title":"3. Admin: thấy nút Đánh vắng mặt"},{"ancestorTitles":["AbsenceManagementPage"],"duration":13,"failing":false,"failureDetails":[],"failureMessages":[],"fullName":"AbsenceManagementPage 4. User thường không thấy form đánh vắng mặt","invocations":1,"location":null,"numPassingAsserts":2,"retryReasons":[],"startAt":1779982002718,"status":"passed","title":"4. User thường không thấy form đánh vắng mặt"}],"endTime":1779982002732,"message":"","name":"/Users/tphuc263/Project/hrm_proj/frontend/src/__tests__/leave/pages.test.tsx","startTime":1779982000986,"status":"passed","summary":""},{"assertionResults":[{"ancestorTitles":["Auth Module","authService"],"duration":2,"failing":false,"failureDetails":[],"failureMessages":[],"fullName":"Auth Module authService 1. login() -> POST /auth/login","invocations":1,"location":null,"numPassingAsserts":2,"retryReasons":[],"startAt":1779982001704,"status":"passed","title":"1. login() -> POST /auth/login"},{"ancestorTitles":["Auth Module","authService"],"duration":0,"failing":false,"failureDetails":[],"failureMessages":[],"fullName":"Auth Module authService 2. me() -> GET /auth/me","invocations":1,"location":null,"numPassingAsserts":1,"retryReasons":[],"startAt":1779982001707,"status":"passed","title":"2. me() -> GET /auth/me"},{"ancestorTitles":["Auth Module","authService"],"duration":1,"failing":false,"failureDetails":[],"failureMessages":[],"fullName":"Auth Module authService 3. forgotPassword() -> POST /auth/forgot-password","invocations":1,"location":null,"numPassingAsserts":1,"retryReasons":[],"startAt":1779982001707,"status":"passed","title":"3. forgotPassword() -> POST /auth/forgot-password"},{"ancestorTitles":["Auth Module","authService"],"duration":0,"failing":false,"failureDetails":[],"failureMessages":[],"fullName":"Auth Module authService 4. verifyForgotPassword() -> POST /auth/verify-forgot-password","invocations":1,"location":null,"numPassingAsserts":1,"retryReasons":[],"startAt":1779982001708,"status":"passed","title":"4. verifyForgotPassword() -> POST /auth/verify-forgot-password"},{"ancestorTitles":["Auth Module","AuthContext"],"duration":43,"failing":false,"failureDetails":[],"failureMessages":[],"fullName":"Auth Module AuthContext 1. Không có token -> user=null, loading=false","invocations":1,"location":null,"numPassingAsserts":2,"retryReasons":[],"startAt":1779982001708,"status":"passed","title":"1. Không có token -> user=null, loading=false"},{"ancestorTitles":["Auth Module","AuthContext"],"duration":12,"failing":false,"failureDetails":[],"failureMessages":[],"fullName":"Auth Module AuthContext 2. Có token -> gọi me(), set user từ response","invocations":1,"location":null,"numPassingAsserts":3,"retryReasons":[],"startAt":1779982001752,"status":"passed","title":"2. Có token -> gọi me(), set user từ response"},{"ancestorTitles":["Auth Module","AuthContext"],"duration":11,"failing":false,"failureDetails":[],"failureMessages":[],"fullName":"Auth Module AuthContext 3. Có token nhưng me() fail -> clear token, user=null","invocations":1,"location":null,"numPassingAsserts":2,"retryReasons":[],"startAt":1779982001764,"status":"passed","title":"3. Có token nhưng me() fail -> clear token, user=null"},{"ancestorTitles":["Auth Module","AuthContext"],"duration":68,"failing":false,"failureDetails":[],"failureMessages":[],"fullName":"Auth Module AuthContext 4. login() -> lưu token + set user","invocations":1,"location":null,"numPassingAsserts":3,"retryReasons":[],"startAt":1779982001775,"status":"passed","title":"4. login() -> lưu token + set user"},{"ancestorTitles":["Auth Module","AuthContext"],"duration":17,"failing":false,"failureDetails":[],"failureMessages":[],"fullName":"Auth Module AuthContext 5. logout() -> xóa token + user=null","invocations":1,"location":null,"numPassingAsserts":3,"retryReasons":[],"startAt":1779982001843,"status":"passed","title":"5. logout() -> xóa token + user=null"},{"ancestorTitles":["Auth Module","AuthContext"],"duration":1,"failing":false,"failureDetails":[],"failureMessages":[],"fullName":"Auth Module AuthContext 6. useAuth() ngoài AuthProvider -> throw Error","invocations":1,"location":null,"numPassingAsserts":1,"retryReasons":[],"startAt":1779982001860,"status":"passed","title":"6. useAuth() ngoài AuthProvider -> throw Error"},{"ancestorTitles":["Auth Module","RequireAuth"],"duration":3,"failing":false,"failureDetails":[],"failureMessages":[],"fullName":"Auth Module RequireAuth 1. loading=true -> hiện loading indicator","invocations":1,"location":null,"numPassingAsserts":1,"retryReasons":[],"startAt":1779982001861,"status":"passed","title":"1. loading=true -> hiện loading indicator"},{"ancestorTitles":["Auth Module","RequireAuth"],"duration":2,"failing":false,"failureDetails":[],"failureMessages":[],"fullName":"Auth Module RequireAuth 2. Chưa login -> redirect /login","invocations":1,"location":null,"numPassingAsserts":1,"retryReasons":[],"startAt":1779982001864,"status":"passed","title":"2. Chưa login -> redirect /login"},{"ancestorTitles":["Auth Module","RequireAuth"],"duration":0,"failing":false,"failureDetails":[],"failureMessages":[],"fullName":"Auth Module RequireAuth 3. Đã login + đúng role -> render children","invocations":1,"location":null,"numPassingAsserts":1,"retryReasons":[],"startAt":1779982001866,"status":"passed","title":"3. Đã login + đúng role -> render children"},{"ancestorTitles":["Auth Module","RequireAuth"],"duration":1,"failing":false,"failureDetails":[],"failureMessages":[],"fullName":"Auth Module RequireAuth 4. Đã login + sai role -> redirect /","invocations":1,"location":null,"numPassingAsserts":1,"retryReasons":[],"startAt":1779982001866,"status":"passed","title":"4. Đã login + sai role -> redirect /"},{"ancestorTitles":["Auth Module","RequireAuth"],"duration":1,"failing":false,"failureDetails":[],"failureMessages":[],"fullName":"Auth Module RequireAuth 5. Không truyền allowedRoles -> cho phép mọi authenticated user","invocations":1,"location":null,"numPassingAsserts":1,"retryReasons":[],"startAt":1779982001867,"status":"passed","title":"5. Không truyền allowedRoles -> cho phép mọi authenticated user"},{"ancestorTitles":["Auth Module","LoginPage"],"duration":9,"failing":false,"failureDetails":[],"failureMessages":[],"fullName":"Auth Module LoginPage 1. Render form: input username, password, button ĐĂNG NHẬP","invocations":1,"location":null,"numPassingAsserts":3,"retryReasons":[],"startAt":1779982001868,"status":"passed","title":"1. Render form: input username, password, button ĐĂNG NHẬP"},{"ancestorTitles":["Auth Module","LoginPage"],"duration":1,"failing":false,"failureDetails":[],"failureMessages":[],"fullName":"Auth Module LoginPage 2. Đã authenticated -> redirect /","invocations":1,"location":null,"numPassingAsserts":1,"retryReasons":[],"startAt":1779982001877,"status":"passed","title":"2. Đã authenticated -> redirect /"},{"ancestorTitles":["Auth Module","LoginPage"],"duration":16,"failing":false,"failureDetails":[],"failureMessages":[],"fullName":"Auth Module LoginPage 3. Submit form trống -> lỗi \"Vui lòng nhập đầy đủ...\"","invocations":1,"location":null,"numPassingAsserts":1,"retryReasons":[],"startAt":1779982001878,"status":"passed","title":"3. Submit form trống -> lỗi \"Vui lòng nhập đầy đủ...\""},{"ancestorTitles":["Auth Module","LoginPage"],"duration":90,"failing":false,"failureDetails":[],"failureMessages":[],"fullName":"Auth Module LoginPage 4 & 5. Submit hợp lệ -> gọi login() API + gọi login() context + navigate","invocations":1,"location":null,"numPassingAsserts":2,"retryReasons":[],"startAt":1779982001895,"status":"passed","title":"4 & 5. Submit hợp lệ -> gọi login() API + gọi login() context + navigate"},{"ancestorTitles":["Auth Module","LoginPage"],"duration":142,"failing":false,"failureDetails":[],"failureMessages":[],"fullName":"Auth Module LoginPage 6. Login response không có accessToken -> hiện lỗi","invocations":1,"location":null,"numPassingAsserts":1,"retryReasons":[],"startAt":1779982001985,"status":"passed","title":"6. Login response không có accessToken -> hiện lỗi"},{"ancestorTitles":["Auth Module","LoginPage"],"duration":83,"failing":false,"failureDetails":[],"failureMessages":[],"fullName":"Auth Module LoginPage 7. Login thất bại -> hiện error message","invocations":1,"location":null,"numPassingAsserts":1,"retryReasons":[],"startAt":1779982002127,"status":"passed","title":"7. Login thất bại -> hiện error message"},{"ancestorTitles":["Auth Module","LoginPage"],"duration":212,"failing":false,"failureDetails":[],"failureMessages":[],"fullName":"Auth Module LoginPage 8. Button disabled khi submitting","invocations":1,"location":null,"numPassingAsserts":2,"retryReasons":[],"startAt":1779982002211,"status":"passed","title":"8. Button disabled khi submitting"},{"ancestorTitles":["Auth Module","LoginPage"],"duration":16,"failing":false,"failureDetails":[],"failureMessages":[],"fullName":"Auth Module LoginPage 9. Click \"Quên mật khẩu?\" -> mở modal","invocations":1,"location":null,"numPassingAsserts":1,"retryReasons":[],"startAt":1779982002423,"status":"passed","title":"9. Click \"Quên mật khẩu?\" -> mở modal"},{"ancestorTitles":["Auth Module","LoginPage"],"duration":131,"failing":false,"failureDetails":[],"failureMessages":[],"fullName":"Auth Module LoginPage 10. Forgot: password !== confirm -> hiện lỗi","invocations":1,"location":null,"numPassingAsserts":1,"retryReasons":[],"startAt":1779982002439,"status":"passed","title":"10. Forgot: password !== confirm -> hiện lỗi"},{"ancestorTitles":["Auth Module","LoginPage"],"duration":115,"failing":false,"failureDetails":[],"failureMessages":[],"fullName":"Auth Module LoginPage 11. Forgot: submit OK -> chuyển step 2 (OTP)","invocations":1,"location":null,"numPassingAsserts":1,"retryReasons":[],"startAt":1779982002570,"status":"passed","title":"11. Forgot: submit OK -> chuyển step 2 (OTP)"},{"ancestorTitles":["Auth Module","LoginPage"],"duration":66,"failing":false,"failureDetails":[],"failureMessages":[],"fullName":"Auth Module LoginPage 12. Forgot: verify OTP thành công -> success message + đóng modal","invocations":1,"location":null,"numPassingAsserts":2,"retryReasons":[],"startAt":1779982002686,"status":"passed","title":"12. Forgot: verify OTP thành công -> success message + đóng modal"}],"endTime":1779982002753,"message":"","name":"/Users/tphuc263/Project/hrm_proj/frontend/src/__tests__/core/auth.test.tsx","startTime":1779982000974,"status":"passed","summary":""},{"assertionResults":[{"ancestorTitles":["HRM Pages","EmployeeListPage"],"duration":190,"failing":false,"failureDetails":[],"failureMessages":[],"fullName":"HRM Pages EmployeeListPage 1. Render danh sách nhân viên","invocations":1,"location":null,"numPassingAsserts":2,"retryReasons":[],"startAt":1779982001864,"status":"passed","title":"1. Render danh sách nhân viên"},{"ancestorTitles":["HRM Pages","EmployeeListPage"],"duration":1167,"failing":false,"failureDetails":[],"failureMessages":[],"fullName":"HRM Pages EmployeeListPage 2. Search nhân viên","invocations":1,"location":null,"numPassingAsserts":2,"retryReasons":[],"startAt":1779982002055,"status":"passed","title":"2. Search nhân viên"},{"ancestorTitles":["HRM Pages","EmployeeListPage"],"duration":85,"failing":false,"failureDetails":[],"failureMessages":[],"fullName":"HRM Pages EmployeeListPage 3. Mở form tạo nhân viên","invocations":1,"location":null,"numPassingAsserts":2,"retryReasons":[],"startAt":1779982003222,"status":"passed","title":"3. Mở form tạo nhân viên"},{"ancestorTitles":["HRM Pages","EmployeeListPage"],"duration":95,"failing":false,"failureDetails":[],"failureMessages":[],"fullName":"HRM Pages EmployeeListPage 4. Cho nghỉ việc (Resign) - hiện modal xác nhận","invocations":1,"location":null,"numPassingAsserts":3,"retryReasons":[],"startAt":1779982003307,"status":"passed","title":"4. Cho nghỉ việc (Resign) - hiện modal xác nhận"}],"endTime":1779982003403,"message":"","name":"/Users/tphuc263/Project/hrm_proj/frontend/src/__tests__/hrm/pages.test.tsx","startTime":1779982000938,"status":"passed","summary":""}],"wasInterrupted":false}
